Traceback (most recent call last):
  File "C:\Users\–ò–≤–∞–Ω\Desktop\template-book\venv\Lib\site-packages\jupyter_core\utils\__init__.py", line 154, in wrapped
    asyncio.get_running_loop()
    ~~~~~~~~~~~~~~~~~~~~~~~~^^
RuntimeError: no running event loop

During handling of the above exception, another exception occurred:

Traceback (most recent call last):
  File "C:\Users\–ò–≤–∞–Ω\Desktop\template-book\venv\Lib\site-packages\jupyter_cache\executors\utils.py", line 58, in single_nb_execution
    executenb(
    ~~~~~~~~~^
        nb,
        ^^^
    ...<4 lines>...
        **kwargs,
        ^^^^^^^^^
    )
    ^
  File "C:\Users\–ò–≤–∞–Ω\Desktop\template-book\venv\Lib\site-packages\nbclient\client.py", line 1319, in execute
    return NotebookClient(nb=nb, resources=resources, km=km, **kwargs).execute()
           ~~~~~~~~~~~~~~~~~~~~~~~~~~~~~~~~~~~~~~~~~~~~~~~~~~~~~~~~~~~~~~~~~~~^^
  File "C:\Users\–ò–≤–∞–Ω\Desktop\template-book\venv\Lib\site-packages\jupyter_core\utils\__init__.py", line 158, in wrapped
    return loop.run_until_complete(inner)
           ~~~~~~~~~~~~~~~~~~~~~~~^^^^^^^
  File "C:\Users\–ò–≤–∞–Ω\AppData\Local\Programs\Python\Python313\Lib\asyncio\base_events.py", line 725, in run_until_complete
    return future.result()
           ~~~~~~~~~~~~~^^
  File "C:\Users\–ò–≤–∞–Ω\Desktop\template-book\venv\Lib\site-packages\nbclient\client.py", line 709, in async_execute
    await self.async_execute_cell(
        cell, index, execution_count=self.code_cells_executed + 1
    )
  File "C:\Users\–ò–≤–∞–Ω\Desktop\template-book\venv\Lib\site-packages\nbclient\client.py", line 1062, in async_execute_cell
    await self._check_raise_for_error(cell, cell_index, exec_reply)
  File "C:\Users\–ò–≤–∞–Ω\Desktop\template-book\venv\Lib\site-packages\nbclient\client.py", line 918, in _check_raise_for_error
    raise CellExecutionError.from_cell_and_msg(cell, exec_reply_content)
nbclient.exceptions.CellExecutionError: An error occurred while executing the following cell:
------------------
–≠–∫—Å–ø–æ–Ω–µ–Ω—Ç—É –ø–æ–º–Ω–∏—Ç—å —Å–ø–æ—Å–æ–± –µ—Å—Ç—å –ø—Ä–æ—Å—Ç–æ–π: –¥–≤–∞ –∏ —Å–µ–º—å –¥–µ—Å—è—Ç—ã—Ö, –¥–≤–∞–∂–¥—ã –õ–µ–≤ –¢–æ–ª—Å—Ç–æ–π.
------------------


  [36mCell[39m[36m [39m[32mIn[2][39m[32m, line 1[39m
[31m    [39m[31m–≠–∫—Å–ø–æ–Ω–µ–Ω—Ç—É –ø–æ–º–Ω–∏—Ç—å —Å–ø–æ—Å–æ–± –µ—Å—Ç—å –ø—Ä–æ—Å—Ç–æ–π: –¥–≤–∞ –∏ —Å–µ–º—å –¥–µ—Å—è—Ç—ã—Ö, –¥–≤–∞–∂–¥—ã –õ–µ–≤ –¢–æ–ª—Å—Ç–æ–π.[39m
               ^
[31mSyntaxError[39m[31m:[39m invalid syntax


